#
# There is insufficient memory for the Java Runtime Environment to continue.
# Native memory allocation (malloc) failed to allocate 1048576 bytes for AllocateHeap
# Possible reasons:
#   The system is out of physical RAM or swap space
#   In 32 bit mode, the process size limit was hit
# Possible solutions:
#   Reduce memory load on the system
#   Increase physical memory or swap space
#   Check if swap backing store is full
#   Use 64 bit Java on a 64 bit OS
#   Decrease Java heap size (-Xmx/-Xms)
#   Decrease number of Java threads
#   Decrease Java thread stack sizes (-Xss)
#   Set larger code cache with -XX:ReservedCodeCacheSize=
# This output file may be truncated or incomplete.
#
#  Out of Memory Error (memory/allocation.inline.hpp:61), pid=46600, tid=0x0000000000004e50
#
# JRE version:  (8.0) (build )
# Java VM: OpenJDK 64-Bit Server VM (25.71-b00 mixed mode windows-amd64 compressed oops)
# Failed to write core dump. Minidumps are not enabled by default on client versions of Windows
#

---------------  T H R E A D  ---------------

Current thread (0x00000000025d4000):  JavaThread "Unknown thread" [_thread_in_vm, id=20048, stack(0x00000000023f0000,0x00000000024f0000)]

Stack: [0x00000000023f0000,0x00000000024f0000]
[error occurred during error reporting (printing stack bounds), id 0xc0000005]

Native frames: (J=compiled Java code, j=interpreted, Vv=VM code, C=native code)


---------------  P R O C E S S  ---------------

Java Threads: ( => current thread )

Other Threads:

=>0x00000000025d4000 (exited) JavaThread "Unknown thread" [_thread_in_vm, id=20048, stack(0x00000000023f0000,0x00000000024f0000)]

VM state:not at safepoint (normal execution)

VM Mutex/Monitor currently owned by a thread: None

Heap:
 PSYoungGen      total 37888K, used 655K [0x00000000d6380000, 0x00000000d8d80000, 0x0000000100000000)
  eden space 32768K, 2% used [0x00000000d6380000,0x00000000d6423d80,0x00000000d8380000)
  from space 5120K, 0% used [0x00000000d8880000,0x00000000d8880000,0x00000000d8d80000)
  to   space 5120K, 0% used [0x00000000d8380000,0x00000000d8380000,0x00000000d8880000)
 ParOldGen       total 86016K, used 0K [0x0000000082a00000, 0x0000000087e00000, 0x00000000d6380000)
  object space 86016K, 0% used [0x0000000082a00000,0x0000000082a00000,0x0000000087e00000)
 Metaspace       used 777K, capacity 4480K, committed 4480K, reserved 1056768K
  class space    used 74K, capacity 384K, committed 384K, reserved 1048576K

Card table byte_map: [0x0000000011a90000,0x0000000011e80000] byte_map_base: 0x000000001167b000

Marking Bits: (ParMarkBitMap*) 0x000000005fbbbe50
 Begin Bits: [0x0000000012b20000, 0x0000000014a78000)
 End Bits:   [0x0000000014a78000, 0x00000000169d0000)

Polling page: 0x0000000000c20000

CodeCache: size=245760Kb used=328Kb max_used=328Kb free=245431Kb
 bounds [0x00000000026d0000, 0x0000000002940000, 0x00000000116d0000]
 total_blobs=57 nmethods=0 adapters=38
 compilation: enabled

Compilation events (0 events):
No events

GC Heap History (0 events):
No events

Deoptimization events (0 events):
No events

Classes redefined (0 events):
No events

Internal exceptions (0 events):
No events

Events (10 events):
Event: 0.015 loading class java/lang/Short
Event: 0.015 loading class java/lang/Short done
Event: 0.015 loading class java/lang/Integer
Event: 0.015 loading class java/lang/Integer done
Event: 0.015 loading class java/lang/Long
Event: 0.015 loading class java/lang/Long done
Event: 0.016 loading class java/lang/NullPointerException
Event: 0.016 loading class java/lang/NullPointerException done
Event: 0.016 loading class java/lang/ArithmeticException
Event: 0.016 loading class java/lang/ArithmeticException done


Dynamic libraries:
0x00007ff6130f0000 - 0x00007ff613125000 	C:\Program Files\Unity\Hub\Editor\2019.1.3f1\Editor\Data\PlaybackEngines\AndroidPlayer\Tools\OpenJDK\Windows\bin\java.exe
0x00007ffa0aaa0000 - 0x00007ffa0ac8d000 	C:\Windows\SYSTEM32\ntdll.dll
0x00007ffa0a670000 - 0x00007ffa0a723000 	C:\Windows\System32\KERNEL32.DLL
0x00007ffa07a30000 - 0x00007ffa07cc3000 	C:\Windows\System32\KERNELBASE.dll
0x00007ffa0a730000 - 0x00007ffa0a7d3000 	C:\Windows\System32\ADVAPI32.dll
0x00007ffa0a960000 - 0x00007ffa0a9fe000 	C:\Windows\System32\msvcrt.dll
0x00007ffa083b0000 - 0x00007ffa0844e000 	C:\Windows\System32\sechost.dll
0x00007ffa086d0000 - 0x00007ffa087f2000 	C:\Windows\System32\RPCRT4.dll
0x00007ffa0a2e0000 - 0x00007ffa0a477000 	C:\Windows\System32\USER32.dll
0x00007ffa06b70000 - 0x00007ffa06b90000 	C:\Windows\System32\win32u.dll
0x00007ffa0a640000 - 0x00007ffa0a669000 	C:\Windows\System32\GDI32.dll
0x00007ffa06d70000 - 0x00007ffa06f0a000 	C:\Windows\System32\gdi32full.dll
0x00007ffa06f10000 - 0x00007ffa06fb0000 	C:\Windows\System32\msvcp_win.dll
0x00007ffa07930000 - 0x00007ffa07a2a000 	C:\Windows\System32\ucrtbase.dll
0x00007ff9f0260000 - 0x00007ff9f04d9000 	C:\Windows\WinSxS\amd64_microsoft.windows.common-controls_6595b64144ccf1df_6.0.17763.503_none_05b23ef40721f4ae\COMCTL32.dll
0x00007ffa07fd0000 - 0x00007ffa082fc000 	C:\Windows\System32\combase.dll
0x00007ffa06b90000 - 0x00007ffa06c0e000 	C:\Windows\System32\bcryptPrimitives.dll
0x00007ffa0a610000 - 0x00007ffa0a63e000 	C:\Windows\System32\IMM32.DLL
0x000000005fc40000 - 0x000000005fd12000 	C:\Program Files\Unity\Hub\Editor\2019.1.3f1\Editor\Data\PlaybackEngines\AndroidPlayer\Tools\OpenJDK\Windows\jre\bin\msvcr100.dll
0x000000005f3f0000 - 0x000000005fc39000 	C:\Program Files\Unity\Hub\Editor\2019.1.3f1\Editor\Data\PlaybackEngines\AndroidPlayer\Tools\OpenJDK\Windows\jre\bin\server\jvm.dll
0x00007ffa08450000 - 0x00007ffa08458000 	C:\Windows\System32\PSAPI.DLL
0x00007ffa04080000 - 0x00007ffa04089000 	C:\Windows\SYSTEM32\WSOCK32.dll
0x00007ffa041e0000 - 0x00007ffa04204000 	C:\Windows\SYSTEM32\WINMM.dll
0x00007ffa01a50000 - 0x00007ffa01a5a000 	C:\Windows\SYSTEM32\VERSION.dll
0x00007ffa0aa00000 - 0x00007ffa0aa6d000 	C:\Windows\System32\WS2_32.dll
0x00007ffa04090000 - 0x00007ffa040bd000 	C:\Windows\SYSTEM32\winmmbase.dll
0x00007ffa06cc0000 - 0x00007ffa06d0a000 	C:\Windows\System32\cfgmgr32.dll
0x00007ffa024a0000 - 0x00007ffa024af000 	C:\Program Files\Unity\Hub\Editor\2019.1.3f1\Editor\Data\PlaybackEngines\AndroidPlayer\Tools\OpenJDK\Windows\jre\bin\verify.dll
0x00007ff9db620000 - 0x00007ff9db649000 	C:\Program Files\Unity\Hub\Editor\2019.1.3f1\Editor\Data\PlaybackEngines\AndroidPlayer\Tools\OpenJDK\Windows\jre\bin\java.dll
0x00007ffa01640000 - 0x00007ffa01656000 	C:\Program Files\Unity\Hub\Editor\2019.1.3f1\Editor\Data\PlaybackEngines\AndroidPlayer\Tools\OpenJDK\Windows\jre\bin\zip.dll

VM Arguments:
jvm_args: -Dcom.android.sdkmanager.toolsdir=C:\Program Files\Unity\Hub\Editor\2019.1.3f1\Editor\Data\PlaybackEngines\AndroidPlayer\SDK\tools\bin\\.. 
java_command: com.android.sdklib.tool.AvdManagerCli list target -c
java_class_path (initial): C:\Program Files\Unity\Hub\Editor\2019.1.3f1\Editor\Data\PlaybackEngines\AndroidPlayer\SDK\tools\bin\..\lib\dvlib-26.0.0-dev.jar;C:\Program Files\Unity\Hub\Editor\2019.1.3f1\Editor\Data\PlaybackEngines\AndroidPlayer\SDK\tools\bin\..\lib\jimfs-1.1.jar;C:\Program Files\Unity\Hub\Editor\2019.1.3f1\Editor\Data\PlaybackEngines\AndroidPlayer\SDK\tools\bin\..\lib\jsr305-1.3.9.jar;C:\Program Files\Unity\Hub\Editor\2019.1.3f1\Editor\Data\PlaybackEngines\AndroidPlayer\SDK\tools\bin\..\lib\repository-26.0.0-dev.jar;C:\Program Files\Unity\Hub\Editor\2019.1.3f1\Editor\Data\PlaybackEngines\AndroidPlayer\SDK\tools\bin\..\lib\j2objc-annotations-1.1.jar;C:\Program Files\Unity\Hub\Editor\2019.1.3f1\Editor\Data\PlaybackEngines\AndroidPlayer\SDK\tools\bin\..\lib\layoutlib-api-26.0.0-dev.jar;C:\Program Files\Unity\Hub\Editor\2019.1.3f1\Editor\Data\PlaybackEngines\AndroidPlayer\SDK\tools\bin\..\lib\gson-2.3.jar;C:\Program Files\Unity\Hub\Editor\2019.1.3f1\Editor\Data\PlaybackEngines\AndroidPlayer\SDK\tools\bin\..\lib\httpcore-4.2.5.jar;C:\Program Files\Unity\Hub\Editor\2019.1.3f1\Editor\Data\PlaybackEngines\AndroidPlayer\SDK\tools\bin\..\lib\commons-logging-1.1.1.jar;C:\Program Files\Unity\Hub\Editor\2019.1.3f1\Editor\Data\PlaybackEngines\AndroidPlayer\SDK\tools\bin\..\lib\commons-compress-1.12.jar;C:\Program Files\Unity\Hub\Editor\2019.1.3f1\Editor\Data\PlaybackEngines\AndroidPlayer\SDK\tools\bin\..\lib\annotations-26.0.0-dev.jar;C:\Program Files\Unity\Hub\Editor\2019.1.3f1\Editor\Data\PlaybackEngines\AndroidPlayer\SDK\tools\bin\..\lib\error_prone_annotations-2.0.18.jar;C:\Program Files\Unity\Hub\Editor\2019.1.3f1\Editor\Data\PlaybackEngines\AndroidPlayer\SDK\tools\bin\..\lib\animal-sniffer-annotations-1.14.jar;C:\Program Files\Unity\Hub\Editor\2019.1.3f1\Editor\Data\PlaybackEngines\AndroidPlayer\SDK\tools\bin\..\lib\httpclient-4.2.6.jar;C:\Program Files\Unity\Hub\Editor\2019.1.3f1\Editor\Data\PlaybackEngines\AndroidPlayer\SDK\tools\bin\..\lib\commons-codec-
Launcher Type: SUN_STANDARD

Environment Variables:
JAVA_HOME=C:\Program Files\Unity\Hub\Editor\2019.1.3f1\Editor\Data\PlaybackEngines\AndroidPlayer/Tools\OpenJDK\Windows
PATH=C:\Windows\system32;C:\Windows;C:\Windows\System32\Wbem;C:\Windows\System32\WindowsPowerShell\v1.0\;C:\Windows\System32\OpenSSH\;C:\Program Files\Microsoft VS Code\bin;C:\Program Files\Git\cmd;C:\Python27;C:\Users\meskedal\AppData\Local\Microsoft\WindowsApps;C:\Users\meskedal\AppData\Local\Programs\MiKTeX 2.9\miktex\bin\x64\
USERNAME=meskedal
OS=Windows_NT
PROCESSOR_IDENTIFIER=Intel64 Family 6 Model 158 Stepping 10, GenuineIntel



---------------  S Y S T E M  ---------------

OS: Windows 10.0 , 64 bit Build 17763 (10.0.17763.475)

CPU:total 12 (initial active 12) (6 cores per cpu, 2 threads per core) family 6 model 158 stepping 10, cmov, cx8, fxsr, mmx, sse, sse2, sse3, ssse3, sse4.1, sse4.2, popcnt, avx, avx2, aes, clmul, erms, 3dnowpref, lzcnt, ht, tsc, tscinvbit, bmi1, bmi2, adx

Memory: 4k page, physical 8212252k(557604k free), swap 14610200k(2292k free)

vm_info: OpenJDK 64-Bit Server VM (25.71-b00) for windows-amd64 JRE (1.8.0-adoptopenjdk-_2018_05_19_00_59-b00), built on May 19 2018 01:02:12 by "jenkins" with MS VC++ 10.0 (VS2010)

time: Wed Jun 05 05:29:56 2019
elapsed time: 0 seconds (0d 0h 0m 0s)

